
In file "Testing_QC.m", line 13, column 4:
>> Q:=data_1`Q;
      ^
User error: Identifier 'data_1' has not been declared or assigned

In file "Testing_QC.m", line 14, column 4:
>> p:=data_1`p;
      ^
User error: Identifier 'data_1' has not been declared or assigned

In file "Testing_QC.m", line 15, column 6:
>> v_1:=data_1`v; //We need both primes above p. Here v1,v2 will be those primes.
        ^
User error: Identifier 'data_1' has not been declared or assigned

In file "Testing_QC.m", line 16, column 6:
>> v_2:=data_2`v; //Will calculate them in the intrinsic.
        ^
User error: Identifier 'data_2' has not been declared or assigned

In file "Testing_QC.m", line 20, column 25:
>> correspondence_data:= [*AK_160,Zs,-3*];
                           ^
User error: Identifier 'AK_160' has not been declared or assigned

In file "Testing_QC.m", line 25, column 6:
>>   [1,u+1,0], // j = 287496, D = -16 
        ^
User error: Identifier 'u' has not been declared or assigned

In file "Testing_QC.m", line 39, column 29:
>> known_affine_points:=[Prune(known_projective_points[i]): i in [3..13]];
                               ^
User error: Identifier 'known_projective_points' has not been declared or assigned

In file "Testing_QC.m", line 43, column 110:
>> sols, all_zeroes, double_zeroes, global_pts_local, F1_lists, F2_lists, Qppoints_1, Qppoints_2 := QCModAffine(Q,p: d
                                                                                                                ^
User error: Identifier 'Q' has not been declared or assigned

In file "Testing_QC.m", line 48, column 25:
>>   pt1 := xy_coordinates(global_pts_local[i,1], data_1);
                           ^
User error: Identifier 'global_pts_local' has not been declared or assigned
Check if known points are recovered

In file "Testing_QC.m", line 58, column 42:
>>     assert minval1 ge 4 and minval2 ge 4 then
                                            ^
User error: bad syntax
> load "Testing_QC.m";
Loading "Testing_QC.m"
Loading "data/NF-example-coleman-data.m"

In file "Testing_QC.m", line 3, column 1:
>> load "data/New_hecke.m";
   ^
User error: Could not open file "data/New_hecke.m" (No such file or directory)

In file "Testing_QC.m", line 6, column 29:
>> import "singleintegrals.m": evalf0, is_bad, local_coord, set_point, tadicprec, teichmueller_pt, xy_coordinates;
                               ^
User error: Illegal redeclaration of variable 'evalf0'

In file "Testing_QC.m", line 7, column 18:
>> import "misc.m": are_congruent, equivariant_splitting, eval_mat_R, eval_list, eval_Q, FindQpointQp, function_field,
                    ^
User error: Illegal redeclaration of variable 'are_congruent'

In file "Testing_QC.m", line 20, column 25:
>> correspondence_data:= [*AK_160,Zs,-3*];
                           ^
User error: Identifier 'AK_160' has not been declared or assigned

In file "Testing_QC.m", line 43, column 202:
>> = QCModAffine(Q,p: data1:=data_1,data2:=data_2, known_points:=known_affine_points, correspondence_data := correspon
                                                                                                             ^
User error: Identifier 'correspondence_data' has not been declared or assigned

In file "Testing_QC.m", line 48, column 25:
>>   pt1 := xy_coordinates(global_pts_local[i,1], data_1);
                           ^
User error: Identifier 'global_pts_local' has not been declared or assigned
Check if known points are recovered

In file "Testing_QC.m", line 58, column 42:
>>     assert minval1 ge 4 and minval2 ge 4 then
                                            ^
User error: bad syntax
> load "Testing_QC.m";
Loading "Testing_QC.m"
Loading "data/NF-example-coleman-data.m"
Loading "data/New_hecke.m"

In file "Testing_QC.m", line 6, column 29:
>> import "singleintegrals.m": evalf0, is_bad, local_coord, set_point, tadicprec, teichmueller_pt, xy_coordinates;
                               ^
User error: Illegal redeclaration of variable 'evalf0'

In file "Testing_QC.m", line 7, column 18:
>> import "misc.m": are_congruent, equivariant_splitting, eval_mat_R, eval_list, eval_Q, FindQpointQp, function_field,
                    ^
User error: Illegal redeclaration of variable 'are_congruent'
 Computing a symplectic basis of H^1
 genus = 3.
 Computing the cup product matrix
 Cup product matrix 
[0 0 0 1/1136662505210957917743851571476505035242076713265531793*(-10699015197503917989909080616329374092495042195560235616*u + 66482054192441433927252416899468199939987219631539093536) 1/1136662505210957917743851571476505035242076713265531793*(68541330853911544251771759444337651296717913420387134032*u + 73347181353418844593054597520513242386774274987014234088) 1/1136662505210957917743851571476505035242076713265531793*(49649669661046636607578251871841588247204357185691505496*u + 10258969532184987407662168211956403219545380032311743160)]
[0 0 0 1/1136662505210957917743851571476505035242076713265531793*(8217563371645985798643806130074320705112713419155153504*u - 9929266475264575439706764200152670324825662970840566112) 1/1136662505210957917743851571476505035242076713265531793*(-10604136621025590897738063034296989871518516134265733920*u - 17903428910028303741569613861318129088524110884123807944) 1/1136662505210957917743851571476505035242076713265531793*(-11519487524582797264345425010527487533710696675414177048*u - 6148891234570319526736658267926645754436817240887257256)]
[0 0 0 1/1136662505210957917743851571476505035242076713265531793*(-1445098031485568380739965568427566833332178461726298576*u - 1545619091523107786799560131585938225282464532297011232) 1/1136662505210957917743851571476505035242076713265531793*(-1511012168931815620392164713603998897787709949962737404*u - 59044726032140749303099904674134646194210015355467436) 1/1136662505210957917743851571476505035242076713265531793*(-207017517894471661541986135314103361629907865507599628*u + 814324204580863454921407682998041639582437106524907752)]
[1/1136662505210957917743851571476505035242076713265531793*(10699015197503917989909080616329374092495042195560235616*u - 66482054192441433927252416899468199939987219631539093536) 1/1136662505210957917743851571476505035242076713265531793*(-8217563371645985798643806130074320705112713419155153504*u + 9929266475264575439706764200152670324825662970840566112) 1/1136662505210957917743851571476505035242076713265531793*(1445098031485568380739965568427566833332178461726298576*u + 1545619091523107786799560131585938225282464532297011232) 0 1/2440413623449865600155410341258037904361364417921*(-382729489625753226394842290118614564070924802736*u - 294529651791456045858722396171318553346143715924) 1/271157069272207288906156704584226433817929379769*(-68830490482613685322617309124157787232929826460*u - 4212230278353571983388128225761287716765065556)]
[1/1136662505210957917743851571476505035242076713265531793*(-68541330853911544251771759444337651296717913420387134032*u - 73347181353418844593054597520513242386774274987014234088) 1/1136662505210957917743851571476505035242076713265531793*(10604136621025590897738063034296989871518516134265733920*u + 17903428910028303741569613861318129088524110884123807944) 1/1136662505210957917743851571476505035242076713265531793*(1511012168931815620392164713603998897787709949962737404*u + 59044726032140749303099904674134646194210015355467436) 1/2440413623449865600155410341258037904361364417921*(382729489625753226394842290118614564070924802736*u + 294529651791456045858722396171318553346143715924) 0 1/2440413623449865600155410341258037904361364417921*(-24858281531389693795172696516179270341449427820*u + 365480613569157997527467916096184042524028510792)]
[1/1136662505210957917743851571476505035242076713265531793*(-49649669661046636607578251871841588247204357185691505496*u - 10258969532184987407662168211956403219545380032311743160) 1/1136662505210957917743851571476505035242076713265531793*(11519487524582797264345425010527487533710696675414177048*u + 6148891234570319526736658267926645754436817240887257256) 1/1136662505210957917743851571476505035242076713265531793*(207017517894471661541986135314103361629907865507599628*u - 814324204580863454921407682998041639582437106524907752) 1/271157069272207288906156704584226433817929379769*(68830490482613685322617309124157787232929826460*u + 4212230278353571983388128225761287716765065556) 1/2440413623449865600155410341258037904361364417921*(24858281531389693795172696516179270341449427820*u - 365480613569157997527467916096184042524028510792) 0]
 Symplectic basis of H^1:
[
(1/1397299*(-141136160*u - 61355824)*x^10 + 1/1397299*(161480896*u - 411177848)*x^9 + 1/1397299*(451959346*u + 987375182)*x^8 + 1/1397299*(-879544929*u - 1315860306)*x^7 + 1/1397299*(1291054702*u + 1404637055)*x^6 + 1/1397299*(-1118981146*u - 1178843693)*x^5 + 1/1397299*(803619218*u + 779399851)*x^4 + 1/1397299*(-296127821*u - 294885250)*x^3 + 1   1/1397299*(17613096*u - 703344)*x^9 + 1/4191897*(455384642*u + 607766260)*x^8 + 1/4191897*(-1312664596*u + 646867018)*x^7 + 1/4191897*(-1046223940*u - 3395339369)*x^6 + 1/4191897*(3952151996*u + 3398097439)*x^5 + 1/4191897*(-2733617101*u - 659636618)*x^4 + 1/4191897*(1320758606*u + 84412702)*x^3 + 1/4191897*(-201512356*u - 164046212)*x^2 + 1/4191897*(13727336*u + 14932459)*x + 1/4191897*(-5323297*u - 9586499)   1/4191897*(44045536*u + 481039436)*x^8 + 1/4191897*(-2346572459*u - 1076161750)*x^7 + 1/4191897*(1324751431*u - 1784556973)*x^6 + 1/4191897*(-747909677*u + 2019967652)*x^5 + 1/4191897*(-146177213*u - 2728078462)*x^4 + 1/4191897*(725519380*u + 1686603944)*x^3 + 1/4191897*(-153861593*u - 315813430)*x^2 + 1/4191897*(-3943814*u + 7485626)*x + 1/4191897*(10411495*u + 2863289)   1/1397299*(-55357820*u - 94306872)*x^7 + 1/1397299*(233994943*u + 31728955)*x^6 + 1/1397299*(-138277243*u + 64438330)*x^5 + 1/1397299*(240993072*u - 32196815)*x^4 + 1/1397299*(-111672663*u + 113662688)*x^3 + 1/1397299*(19315279*u - 23128246)*x^2 + 1/1397299*(-5854870*u - 5682619)*x + 1/1397299*(358934*u + 1723365)),
(1/1397299*(30541736*u + 21244576)*x^10 + 1/1397299*(-70671798*u + 63483462)*x^9 + 1/1397299*(-50101831*u - 218031484)*x^8 + 1/1397299*(151887552*u + 316336173)*x^7 + 1/1397299*(-262095402*u - 346239249)*x^6 + 1/1397299*(220816886*u + 281999967)*x^5 + 1/1397299*(-164204061*u - 181183252)*x^4 + 1/1397299*(49158048*u + 59811810)*x^3 + x   1/4191897*(-7817936*u - 69724)*x^9 + 1/4191897*(-78582157*u - 124910238)*x^8 + 1/4191897*(352023988*u - 70110323)*x^7 + 1/4191897*(101465967*u + 744566723)*x^6 + 1/4191897*(-848183100*u - 892618528)*x^5 + 1/4191897*(649338950*u + 213693261)*x^4 + 1/4191897*(-279198152*u - 61931135)*x^3 + 1/4191897*(27501832*u + 32346553)*x^2 + 1/4191897*(-4704237*u - 8295724)*x + 1/4191897*(-62741*u + 132013)   1/4191897*(25503476*u - 87146392)*x^8 + 1/4191897*(522753907*u + 374359590)*x^7 + 1/4191897*(-478315965*u + 254098210)*x^6 + 1/4191897*(315240832*u - 398003505)*x^5 + 1/4191897*(-6993816*u + 623996008)*x^4 + 1/4191897*(-113389219*u - 318181597)*x^3 + 1/4191897*(20054280*u + 62281735)*x^2 + 1/4191897*(9796583*u + 1624274)*x + 1/4191897*(-228740*u + 143775)   1/4191897*(19805696*u + 62358448)*x^7 + 1/4191897*(-178827533*u - 72317806)*x^6 + 1/1397299*(41770476*u - 4972285)*x^5 + 1/4191897*(-184291561*u + 129043)*x^4 + 1/4191897*(75219490*u - 60494941)*x^3 + 1/1397299*(-6441202*u + 1302719)*x^2 + 1/4191897*(1861061*u + 4381579)*x + 1/4191897*(-120251*u - 16993)),
(1/1397299*(1105800*u - 2079768)*x^10 + 1/1397299*(10920934*u + 13916064)*x^9 + 1/1397299*(-27809984*u - 13428055)*x^8 + 1/1397299*(39596046*u + 6399067)*x^7 + 1/1397299*(-37818594*u + 10603639)*x^6 + 1/1397299*(28826014*u - 14081120)*x^5 + 1/1397299*(-16474736*u + 14723545)*x^4 + 1/1397299*(4780268*u - 6726787)*x^3 + x^2   1/4191897*(826376*u + 804208)*x^9 + 1/4191897*(-9968229*u + 3070804)*x^8 + 1/8383794*(-57025369*u - 103264287)*x^7 + 1/8383794*(200210995*u + 105635146)*x^6 + 1/8383794*(-183643721*u + 77580730)*x^5 + 1/8383794*(-608487*u - 182482978)*x^4 + 1/8383794*(39326375*u + 104418381)*x^3 + 1/4191897*(-5076341*u - 9699696)*x^2 + 1/4191897*(-154741*u - 92992)*x + 1/8383794*(37205*u - 7350)   1/4191897*(-11488414*u - 9371508)*x^8 + 1/8383794*(49113567*u - 66234701)*x^7 + 1/4191897*(51109492*u + 90817543)*x^6 + 1/4191897*(-88546689*u - 97590520)*x^5 + 1/8383794*(225529460*u + 125604677)*x^4 + 1/8383794*(-102946439*u - 11482281)*x^3 + 1/4191897*(12636973*u - 1651271)*x^2 + 1/8383794*(-776975*u + 114060)*x + 1/8383794*(84975*u + 16075)   1/4191897*(6524866*u + 2278502)*x^7 + 1/8383794*(-4919264*u + 32313119)*x^6 + 1/2794598*(-5797499*u - 15029435)*x^5 + 1/8383794*(31169633*u + 61919560)*x^4 + 1/8383794*(-35910167*u - 37239481)*x^3 + 1/2794598*(3045565*u + 3124905)*x^2 + 1/8383794*(-613147*u - 196976)*x + 1/8383794*(30775*u + 20210)),
(1/1010673178789422663771630910452745129168*(137434655349186761897245674091745073432*u + 99995552996372420286029104090440294603)*x^13 + 1/99045971521363421049619829224369022658464*(-56897242528911331919852710616460195954183*u + 14588282946179485784505824817694331724174)*x^12 + 1/792367772170907368396958633794952181267712*(89392377632722194171739759025322070539453*u - 1217238478274186752873346370227215336456317)*x^11 + 1/198091943042726842099239658448738045316928*(276206685296678551236047694194329717834584*u + 583856478931916651050489344936893280757605)*x^10 + 1/28298849006103834585605665492676863616704*(-72819599402503397824514706704778896716194*u - 71811091185656339942473406358777972809073)*x^9 + 1/792367772170907368396958633794952181267712*(1033460432446185957891776625953006724846177*u + 428184027627476284326919038808976094593433)*x^8   1/758004884092066997828723182839558846876*(-281834731043726199578254177898940020339*u - 99162883640195267139439821392235529138)*x^12 + 1/99045971521363421049619829224369022658464*(36271493018342007534051212557757839348876*u - 175423715181371557210323749747696815255899)*x^11 + 1/1188551658256361052595437950692428271901568*(5485358804088053014031875548372143226459482*u + 6674601220124832528940420844690939607501199)*x^10 + 1/792367772170907368396958633794952181267712*(-8035838589562967727101722434122169169862147*u - 2938066388715237633480867786421920032296872)*x^9 + 1/792367772170907368396958633794952181267712*(4383506784883010314008110690675419996644853*u - 6358872285343235843421606473859645593828074)*x^8 + 1/1584735544341814736793917267589904362535424*(15893653974042997596996158116140151996371349*u + 20036060306748581478758786335137475210769041)*x^7 + 1/1584735544341814736793917267589904362535424*(-13666451040031259046554167478673793206314827*u + 3423712843515572123940952368157803659287806)*x^6 + 1/1584735544341814736793917267589904362535424*(-7484011411422693139722420758848968728202569*u - 13147955221701043880564656984578657714480136)*x^5 + 1/1584735544341814736793917267589904362535424*(3459317533326439413016466224148627120995949*u + 534416306892004269768197871213425718292092)*x^4 + 1/4754206633025444210381751802769713087606272*(1992660719941814799266868783714622621725133*u + 2549672821335106097543563525284072088534343)*x^3 + 1/792367772170907368396958633794952181267712*(-944468652520172988526911642269305964764481*u - 308109537154266046735574071838921515575447)*x^2 + 1/2377103316512722105190875901384856543803136*(54104844506521909937744674708752777005174*u + 126796666557464225349698660428501425742291)*x + 1/1584735544341814736793917267589904362535424*(-10658282988911995154429778071027937644923*u - 13656975309955919091299286728623483110890)   1/1010673178789422663771630910452745129168*(125011233535433061273478308243162209491*u - 27651346971681021542595277271545132296)*x^11 + 1/594275829128180526297718975346214135950784*(176524823856879520773565894167991931148571*u + 509036574931439527444342804778780021992361)*x^10 + 1/1188551658256361052595437950692428271901568*(-2192370278389177315319937971543832201184205*u - 1520780361676064318163077307021295535176216)*x^9 + 1/792367772170907368396958633794952181267712*(1951630982032380582110724472420532098148303*u + 374191124106219329736319666799668556339884)*x^8 + 1/226390792048830676684845323941414908933632*(-204010780948080720228258783948559982734427*u + 455433091983993017425788683135372998427437)*x^7 + 1/198091943042726842099239658448738045316928*(-333983109518118567965407140417704715241645*u - 383818231505444964696667047597261683339322)*x^6 + 1/792367772170907368396958633794952181267712*(958643519951024242007526369902769311084889*u - 292342894217161981712687915036128111904655)*x^5 + 1/1584735544341814736793917267589904362535424*(506914094387463516151495728081725498031056*u + 1012988361589514310929868302496449934289713)*x^4 + 1/1584735544341814736793917267589904362535424*(132755808111947620285498778451304008216949*u + 149124542051565018558442371863086707063453)*x^3 + 1/113195396024415338342422661970707454466816*(-7579383555841663679539179688238824720239*u - 31122372724037371021805244428046995456197)*x^2 + 1/4754206633025444210381751802769713087606272*(-48044491480482824677088740372636588176107*u + 2574500770725732630308920904913659683052)*x + 1/4754206633025444210381751802769713087606272*(6428732323915701190539782560257535925741*u - 3363825748864485778111512324051566896049)   1/1176*(-10*u + 55)*x^10 + 1/198091943042726842099239658448738045316928*(-38086562893672423872742071317181854784672*u - 50241792641754223839194521765117811457777)*x^9 + 1/792367772170907368396958633794952181267712*(314975006850557322051567622848779694471465*u + 161022783294320657488682983147476868456284)*x^8 + 1/198091943042726842099239658448738045316928*(-95890215070843618604727336558968476071887*u - 25180515486749456630462376273614697695052)*x^7 + 1/1584735544341814736793917267589904362535424*(96508683669732011992896964498950174119230*u - 364092932775161772070011093792781779542689)*x^6 + 1/1584735544341814736793917267589904362535424*(358187351957404532434926066283739871322103*u + 311353013893150860593152943145903790565701)*x^5 + 1/1584735544341814736793917267589904362535424*(-160507027202939351743764047505421786854771*u - 25116458386217176349909041378886653151674)*x^4 + 1/1584735544341814736793917267589904362535424*(-39171932022040051729916543416649809661871*u + 52695483400751433811190972682248239059735)*x^3 + 1/1584735544341814736793917267589904362535424*(74847686844253842770438244227233158853951*u + 29022371299882930638715402036898967901661)*x^2 + 1/4754206633025444210381751802769713087606272*(-5550249028510097414380261699192262313185*u - 9482059733728192751445146425071572112592)*x + 1/226390792048830676684845323941414908933632*(52775159989400142079179756601619294261*u + 73692541031828523821297232883686127792)),
(1/1010673178789422663771630910452745129168*(1113019154173618867366030610325836452769*u + 354082665676660639626595410202479024880)*x^13 + 1/99045971521363421049619829224369022658464*(-211987114142731432557015951487523179974669*u + 385757131608273807022725389244265697528895)*x^12 + 1/792367772170907368396958633794952181267712*(-5105124452988421080847670956580418477550586*u - 11430480615540825720928039331132694444179959)*x^11 + 1/69198418480414793434606368877690805495824544368*(1059836588304634374459348469980202726038591072410*u + 1198526652545604994128939875499171463938916098997)*x^10 + 1/276793673921659173738425475510763221983298177472*(-4070003927009785605331840386255759277499981593217*u - 5472958401565178932065046203380255547654549571001)*x^9 + 1/1107174695686636694953701902043052887933192709888*(20627251482241253048835258133621949859900828480768*u + 31762802630390284398907238386008883767605643344037)*x^8 + 1/158167813669519527850528843149007555419027529984*(-4183925933739319291176941654932663880555398992273*u - 6398954311996221648337058271105531460611976827225)*x^7 + 1/1107174695686636694953701902043052887933192709888*(43325905721478978602454234814292295346908967287937*u + 48039140640978624784618226764449692167258647984296)*x^6 + 1/1107174695686636694953701902043052887933192709888*(-37575957942646876719968788405402111248224632872067*u - 40339519243323408835036751549390745873963289345352)*x^5 + 1/1107174695686636694953701902043052887933192709888*(27028778567363660517110442601314277201134401650865*u + 26711384345062575412351296928852743047067915557452)*x^4 + 1/158167813669519527850528843149007555419027529984*(-1422144542859230976775491252403523638386060805253*u - 1443025816924998558751565044439874639964436233909)*x^3 + 1/792367772170907368396958633794952181267712*(-637324018165313389922738271945558251403*u + 33614605497239116704959001741370851489298)   1/758004884092066997828723182839558846876*(-1645414923801859891375774534709337883483*u + 218137086094297237049089843094920336453)*x^12 + 1/297137914564090263148859487673107067975392*(-1360744754162395258476559199310273729326806*u - 4767446762073650743643460529871637583777601)*x^11 + 1/1188551658256361052595437950692428271901568*(50792001308405404626538859884159025983707865*u + 36961943346247678475329564335069473167117697)*x^10 + 1/3321524087059910084861105706129158663799578129664*(-208384303465696564355778507966750934889666735724173*u + 18245384830869378042328015932472823100897994657319)*x^9 + 1/3321524087059910084861105706129158663799578129664*(7666056427458606805562412004835842037152806391855*u - 272862727946226284203649823228570396166906868742853)*x^8 + 1/949006882017117167103173058894045332514165179904*(76151891322607517948981181083402708720064098387792*u + 72539096073374587599156099328669505804331656405107)*x^7 + 1/6643048174119820169722211412258317327599156259328*(-291013181635113910514610740707452025020405362452891*u + 99413215597463775525145696210351898245245456434617)*x^6 + 1/949006882017117167103173058894045332514165179904*(-12633526023538456527901536809569763249861886306889*u - 18194809922474614695091362941431172323389338217683)*x^5 + 1/6643048174119820169722211412258317327599156259328*(-103095549517739693244208164457042804850435833281721*u - 81234918566717717568958886941989129175107349335545)*x^4 + 1/6643048174119820169722211412258317327599156259328*(116084950847363893835214548364489608768770376068678*u + 24242567263577281827232770827747217954710378313731)*x^3 + 1/1107174695686636694953701902043052887933192709888*(-10666035707380141926098440610756362864194543351238*u - 909607714938383691383544443315724408391518138073)*x^2 + 1/118625860252139645887896632361755666564270647488*(53505027861763887525970814680937300143623220556*u + 63777905778809799524993690184154607039637033487)*x + 1/2214349391373273389907403804086105775866385419776*(-263150040869965836690774625314668235854754036343*u - 330904209403154820191147778972120099430903814435)   1/3032019536368267991314892731358235387504*(1346682095171753270065936752050552792579*u - 1940988465824809080596949330205040994011)*x^11 + 1/198091943042726842099239658448738045316928*(897507443508267191185921463262219964578736*u + 1128077525285523958011460801077872527095407)*x^10 + 1/594275829128180526297718975346214135950784*(-7132599005350880217391610462009256178411643*u - 1244912533356550832215709446724364144184120)*x^9 + 1/3321524087059910084861105706129158663799578129664*(30590813802952768350805448269988298294865686780683*u - 7000858925754148483729563658821613490606651340737)*x^8 + 1/6643048174119820169722211412258317327599156259328*(-122253912882109347868878213361336009071654874185998*u + 29591028216858232652334495704234367187211747644649)*x^7 + 1/67786205858365511935940932778146095179583227136*(343333601885355008060885459629803417874356806450*u - 1585353382073452380378332289755511835570214147591)*x^6 + 1/3321524087059910084861105706129158663799578129664*(-9414294478426567582443260511731681404328483972887*u + 55586143738543975340721751033168513239926449834168)*x^5 + 1/6643048174119820169722211412258317327599156259328*(12309686027491616423461340436061258602465007845037*u - 159164064837137337689507633044568068019152920730570)*x^4 + 1/6643048174119820169722211412258317327599156259328*(55270049022082329580275401574493323621099329694472*u + 117799527830422146365256856499572749658612476648821)*x^3 + 1/1107174695686636694953701902043052887933192709888*(-2467638657237659277419815472069455920757982126105*u - 5608309077487774089691570113452593048054855193306)*x^2 + 1/6643048174119820169722211412258317327599156259328*(-631563423415720152214093230745811114131456654157*u + 623965430802876944904619865599335870323295802535)*x + 1/19367487388104431981697409365184598622738064896*(2204899675681997291459355616521199985642690426*u + 477232897721165832348057566151924451368806827)   1/588*(121*u + 290)*x^10 + 1/594275829128180526297718975346214135950784*(-1302478213454553394467240981280456964109751*u - 801607133734423224491705736996124128577070)*x^9 + 1/792367772170907368396958633794952181267712*(1881898935377636138093911003643384315465813*u - 503310572807622108814072592917446706299821)*x^8 + 1/553587347843318347476850951021526443966596354944*(-1613979556606488948673496769584021974570196145447*u - 605253442177821589438226976797439775585989778215)*x^7 + 1/316335627339039055701057686298015110838055059968*(1909662986160995775549858873948625286901148801111*u + 3645548068053462315904271704971640656412376972)*x^6 + 1/2214349391373273389907403804086105775866385419776*(-8156282149677576862239863835470480365487964094356*u + 4948620150870297052886803011924294135127070250375)*x^5 + 1/2214349391373273389907403804086105775866385419776*(15197066284571103043460647862728245039451418112163*u - 1979142648516012102794727937482439606976009156677)*x^4 + 1/2214349391373273389907403804086105775866385419776*(-7718296668439133275824890699160947189524032167000*u + 8575244605914300345021655010701767884389237150121)*x^3 + 1/2214349391373273389907403804086105775866385419776*(2037062073632378616890687906186393356733589970448*u - 1255309216620404936736473669658389209138849291337)*x^2 + 1/6643048174119820169722211412258317327599156259328*(-1230583270569232066079188929785283167861604832961*u - 1242242637520451939728218045895296725010150005191)*x + 1/949006882017117167103173058894045332514165179904*(10939351928782635163100140281106509211633391603*u + 51841858836159860754348731408302569192598031593)),
(1/72190941342101618840830779318053223512*(-190623438834396156737794063123982617934*u - 370508671658848460749549234510924705039)*x^13 + 1/7074712251525958646401416373169215904176*(198158865351608300940404638171956567695211*u + 99845246851218239942868406078443652304520)*x^12 + 1/396183886085453684198479316897476090633856*(-17293936288786674745778860382736992517815575*u + 7945809742112699509300838150326677857060041)*x^11 + 1/14149424503051917292802832746338431808352*(220695212157962932266917432090360207916868*u - 961491011294547872829797164018806619696183)*x^10 + 1/396183886085453684198479316897476090633856*(-2286741491697352938179139640300401750340012*u + 24296046702944357022162465386650904027911625)*x^9 + 1/792367772170907368396958633794952181267712*(36655319482106757760226378829778287039338253*u - 41302524086573066485083816970360860228779829)*x^8 + 1/396183886085453684198479316897476090633856*(-23122409258353538266529924097432814287110622*u + 35822247317587749543407881182105736478874513)*x^7 + 1/792367772170907368396958633794952181267712*(23427871462249344662849155953409576526551261*u - 102816841471692182443603121338411592665500511)*x^6 + 1/792367772170907368396958633794952181267712*(-19729038276031086110807917596045738502335235*u + 89145601632600656828123586799954519024989229)*x^5 + 1/113195396024415338342422661970707454466816*(1496522152309169967743379037024982473832525*u - 8821592021129516488015045275173587118771114)*x^4 + 1/792367772170907368396958633794952181267712*(-6901271024052181156921722489998461324696427*u + 23700051933367916030040780958140268347436316)*x^3 + 1/792367772170907368396958633794952181267712*(436265980643714667704060733540492726603579*u + 395359749814465316087836849790467842824430)*x + 1/792367772170907368396958633794952181267712*(218723486086387870375511589910734496662306*u + 114808213330922249649333492688597355115697)   1/126334147348677832971453863806593141146*(1140422196370003471024205137130339480945*u + 1227150675692808201418228550033698786663)*x^12 + 1/37142239320511282893607435959138383496924*(-2072052168866696172414625980713327111667803*u + 174641208608436410252439666165996637198637)*x^11 + 1/594275829128180526297718975346214135950784*(-3342700824128830163952032270983851198321571*u - 96657742774595190725660690875075442988908963)*x^10 + 1/396183886085453684198479316897476090633856*(99317648293224769389427790173006471715342981*u + 119906619145652260746197508693053353653775176)*x^9 + 1/2377103316512722105190875901384856543803136*(-941595490430590257630421941600138499629216851*u - 247542810399679865418038918653352756649933811)*x^8 + 1/2377103316512722105190875901384856543803136*(150529372929820438169067228224759255013052552*u - 718743457677773889799933738141415852265630235)*x^7 + 1/2377103316512722105190875901384856543803136*(605025247017463879408120551937083401902022425*u + 562899179764225187207986604317537402837730276)*x^6 + 1/2377103316512722105190875901384856543803136*(-181652596043435309542634604761307748570036859*u + 121743788909303125010228700466164474473088455)*x^5 + 1/2377103316512722105190875901384856543803136*(-21371940724160960215512776875426179740037785*u + 65878023950569049701867956943829985880469738)*x^4 + 1/2377103316512722105190875901384856543803136*(-108036361201955782032416194769803045742481560*u - 167688614607231222840763806087923459445556099)*x^3 + 1/792367772170907368396958633794952181267712*(24734823843212124992935069741487413247032249*u + 37005208261991611108547848679238239145843872)*x^2 + 1/2377103316512722105190875901384856543803136*(636570879237338674792196423496348555455393*u - 4308126977681585605133716995679187943087188)*x + 1/1188551658256361052595437950692428271901568*(-551180051716559601992986453239632186990827*u + 356067377260956934069965440369725043680756)   1/1516009768184133995657446365679117693752*(-5505668350277589225599940673366079634149*u - 3006679944110055746229073704489726242146)*x^11 + 1/99045971521363421049619829224369022658464*(658843706602787860838057604654303759102533*u - 1429297470341021365375827719045984743382051)*x^10 + 1/594275829128180526297718975346214135950784*(21856028420072283048319013961788513113824505*u + 26969563150988187981421587946762448628051383)*x^9 + 1/1188551658256361052595437950692428271901568*(-46459388965390739010331665047204583230750147*u - 27708504177340142708506743233374813351871134)*x^8 + 1/339586188073246015027267985912122363400448*(19263055491485244116966512356624754309740869*u + 17729552692831554777344451137830125780307384)*x^7 + 1/1188551658256361052595437950692428271901568*(-125145068993487019286565290803175046465736565*u - 60604086043927621651877468279831411502767824)*x^6 + 1/169793094036623007513633992956061181700224*(15438382265837472534001172221720218438591202*u + 1488635623301759976979805470598592761896901)*x^5 + 1/2377103316512722105190875901384856543803136*(-204183688812735521068736361318439792505225467*u - 30894364071767362386743209378731256098751109)*x^4 + 1/339586188073246015027267985912122363400448*(15231622425324840302497903746655773381119573*u - 6867796622369253537857464947364384550023574)*x^3 + 1/99045971521363421049619829224369022658464*(-1472403577312782888302605307363619152133543*u + 143122806881368800046970504975121525758331)*x^2 + 1/2377103316512722105190875901384856543803136*(2008236137971543867001840819511288962593634*u - 796896478449662284771533150451998431031755)*x + 1/2377103316512722105190875901384856543803136*(-353618418535988672866981765723353785976623*u - 1395213196367860582285615514418332296643248)   1/588*(925*u - 457)*x^10 + 1/297137914564090263148859487673107067975392*(975842727819639579726614708722783575871336*u + 3201001841304126465515904541261255332170975)*x^9 + 1/396183886085453684198479316897476090633856*(-6241982746160171884252318748614632507843663*u - 4926545715271935015145282186952720769919902)*x^8 + 1/198091943042726842099239658448738045316928*(1916407130492841790195017368979621056772069*u + 1370145944203637961265087810562443410074529)*x^7 + 1/792367772170907368396958633794952181267712*(-10591961863699917153819267714626727938611684*u - 12031071306795977048495886911784952901270027)*x^6 + 1/792367772170907368396958633794952181267712*(17992982249666103820981078032303488489095387*u + 16003473761592272044064542715719679141448365)*x^5 + 1/792367772170907368396958633794952181267712*(-21024765488863209248843042870015601817214077*u - 19334290882824387436959578961748422438373100)*x^4 + 1/792367772170907368396958633794952181267712*(21347925833381926486339280830576605255306881*u + 13701243022271285509545461696566204857476743)*x^3 + 1/792367772170907368396958633794952181267712*(-4108059521523318288349009198785514659783193*u - 3276980562873060059453626256562484216619465)*x^2 + 1/2377103316512722105190875901384856543803136*(-132171244993845948605365747535970382253239*u + 1978212513537900283149054539193654571799416)*x + 1/2377103316512722105190875901384856543803136*(750122635811646884238747929716228292155735*u + 295792483957696959242559305458978743393188))
]
 Computed Coleman data at p=Prime Ideal of OK
Two element generators:
[13, 0]
[4, 1] to precision 15.
 Computed Coleman data at p=Prime Ideal of OK
Two element generators:
[13, 0]
[10, 1] to precision 15.

 Good affine rational points:
[
[
-1/2*u,
-1/2
],
[
u,
1
],
[
1,
-u - 1
],
[
1/7*(5*u + 4),
-1
],
[
2*u + 2,
u
],
[
0,
-u
],
[
0,
-u - 1
],
[
u + 1,
0
],
[
u + 1,
-u - 1
],
[
1/2*(u - 3),
1/2*(u + 2)
],
[
1/3*(-u - 2),
1/3*(u + 2)
]
]

 Bad affine rational points:
[]

 Using the base point [
-1/2*u,
-1/2
].

 Computing correspondences

Hecke operator at 13 acting on H^1:
[1/4191897*(10064776*u + 3775685) 1/4191897*(5361*u - 4538666) 1/8383794*(-731215*u - 673156) 0 1/3321524087059910084861105706129158663799578129664*(862120979734593693544241958365169183472558541867*u - 709894138835979310068275485431537847366451682980) 1/1188551658256361052595437950692428271901568*(-5947643782312778539319798842170745533960566*u - 5151106304577577853661504516396456634539397)]
[1/4191897*(182992091*u - 115066025) 1/4191897*(-61596786*u - 24388483) 1/8383794*(-763451*u + 8859295) 1/3321524087059910084861105706129158663799578129664*(-862120979734593693544241958365169183472558541867*u + 709894138835979310068275485431537847366451682980) 0 1/1107174695686636694953701902043052887933192709888*(-7729857823477170363146625583935496385010310978835*u + 4502011429325174240317457641219827869123010119258)]
[1/4191897*(-2875399600*u - 2354074622) 1/4191897*(474270348*u + 675393518) 1/4191897*(51532010*u - 4538584) 1/1188551658256361052595437950692428271901568*(5947643782312778539319798842170745533960566*u + 5151106304577577853661504516396456634539397) 1/1107174695686636694953701902043052887933192709888*(7729857823477170363146625583935496385010310978835*u - 4502011429325174240317457641219827869123010119258) 0]
[0 0 0 1/4191897*(10064776*u + 3775685) 1/4191897*(182992091*u - 115066025) 1/4191897*(-2875399600*u - 2354074622)]
[0 0 0 1/4191897*(5361*u - 4538666) 1/4191897*(-61596786*u - 24388483) 1/4191897*(474270348*u + 675393518)]
[0 0 0 1/8383794*(-731215*u - 673156) 1/8383794*(-763451*u + 8859295) 1/4191897*(51532010*u - 4538584)]

 Nice correspondences:
[
[0 1/553587347843318347476850951021526443966596354944*(862120979734593693544241958365169183472558541867*u - 709894138835979310068275485431537847366451682980) 1/198091943042726842099239658448738045316928*(-5947643782312778539319798842170745533960566*u - 5151106304577577853661504516396456634539397) 1/1397299*(-20129552*u - 24318958) 1/1397299*(-10722*u + 9077332) 1/1397299*(731215*u + 673156)]
[1/553587347843318347476850951021526443966596354944*(-862120979734593693544241958365169183472558541867*u + 709894138835979310068275485431537847366451682980) 0 1/553587347843318347476850951021526443966596354944*(-23189573470431511089439876751806489155030932936505*u + 13506034287975522720952372923659483607369030357774) 1/1397299*(-365984182*u + 230132050) 1/1397299*(123193572*u + 32009378) 1/1397299*(763451*u - 8859295)]
[1/198091943042726842099239658448738045316928*(5947643782312778539319798842170745533960566*u + 5151106304577577853661504516396456634539397) 1/553587347843318347476850951021526443966596354944*(23189573470431511089439876751806489155030932936505*u - 13506034287975522720952372923659483607369030357774) 0 1/1397299*(5750799200*u + 4708149244) 1/1397299*(-948540696*u - 1350787036) 1/1397299*(-103064020*u - 7690420)]
[1/1397299*(20129552*u + 24318958) 1/1397299*(365984182*u - 230132050) 1/1397299*(-5750799200*u - 4708149244) 0 0 0]
[1/1397299*(10722*u - 9077332) 1/1397299*(-123193572*u - 32009378) 1/1397299*(948540696*u + 1350787036) 0 0 0]
[1/1397299*(-731215*u - 673156) 1/1397299*(-763451*u + 8859295) 1/1397299*(103064020*u + 7690420) 0 0 0],

[0 1/1107174695686636694953701902043052887933192709888*(-2684532387749456135130740754453368393357388833897*u + 941390331803249284109113546101519646319918282933) 1/396183886085453684198479316897476090633856*(15698635297521904981891253602110077773416221*u + 14560855026395029779378812930194390719270169) 1/1397299*(38282818*u + 67278668) 1/1397299*(-425218*u - 19039144) 1/1397299*(-1825123*u - 1275975)]
[1/1107174695686636694953701902043052887933192709888*(2684532387749456135130740754453368393357388833897*u - 941390331803249284109113546101519646319918282933) 0 1/553587347843318347476850951021526443966596354944*(31175236550903734807914764595951268142453600910051*u - 18179283510416819775573900531933274098606560260080) 1/1397299*(643362602*u - 131896790) 1/1397299*(-191931738*u - 85116394) 1/1397299*(-4770145*u + 12570308)]
[1/396183886085453684198479316897476090633856*(-15698635297521904981891253602110077773416221*u - 14560855026395029779378812930194390719270169) 1/553587347843318347476850951021526443966596354944*(-31175236550903734807914764595951268142453600910051*u + 18179283510416819775573900531933274098606560260080) 0 1/1397299*(-7890045148*u - 6874560560) 1/1397299*(1283541348*u + 1938957596) 1/1397299*(153648920*u + 17837726)]
[1/1397299*(-38282818*u - 67278668) 1/1397299*(-643362602*u + 131896790) 1/1397299*(7890045148*u + 6874560560) 0 0 0]
[1/1397299*(425218*u + 19039144) 1/1397299*(191931738*u + 85116394) 1/1397299*(-1283541348*u - 1938957596) 0 0 0]
[1/1397299*(1825123*u + 1275975) 1/1397299*(4770145*u - 12570308) 1/1397299*(-153648920*u - 17837726) 0 0 0]
]


 number_of_correspondences:
2

 Computing Hodge filtration for correspondence 1.
 eta =  (1/257022697212969232757109370117137277555919736224*(-27343173898035229708709581897743369300870675001797*u - 21338770601915458639338558989657685646310251591274) 1/2698738320736176943949648386229941414337157230352*(861248245186037224626476820217198052056230104432824*u + 600737047372386868758625049928254278801601427929501) 1/5397476641472353887899296772459882828674314460704*(-2550155851810356063872545138917116619497631422168839*u - 1992055092572879773895114607057040530204114038184236)),(1/19770976708689940981316105393625944427378441248*(-27343173898035229708709581897743369300870675001797*u - 21338770601915458639338558989657685646310251591274) 1/207595255441244380303819106633072416487473633104*(861248245186037224626476820217198052056230104432824*u + 600737047372386868758625049928254278801601427929501) 1/415190510882488760607638213266144832974947266208*(-2550155851810356063872545138917116619497631422168839*u - 1992055092572879773895114607057040530204114038184236)).
 beta_fil  =  (1/5403874829270209816321821809482309883576469*(18038183456387970420222900454733749139408623336*u - 3433620570273820327573892788613549906940500632) 1/5403874829270209816321821809482309883576469*(-4442571953265884383571146057869492549009906560*u - 902357705591443277468445829046793046397423424) 1/5403874829270209816321821809482309883576469*(90107911348943504981851081938400355547506448*u + 412000011652714465931902806066552318051820100)),(1/5403874829270209816321821809482309883576469*(18038183456387970420222900454733749139408623336*u - 3433620570273820327573892788613549906940500632) 1/5403874829270209816321821809482309883576469*(-4442571953265884383571146057869492549009906560*u - 902357705591443277468445829046793046397423424) 1/5403874829270209816321821809482309883576469*(90107911348943504981851081938400355547506448*u + 412000011652714465931902806066552318051820100)).
 gamma_fil =  (1/325720750741172292532457748436516614477468611234150331954375292648389350884*(3172385060931426196839718629088776781451158714236889798249354133937854731119*u + 2799461012388476039673068138099877739394591306738024651014818375462950341530)*x^2 + 1/1465743378335275316396059867964324765148608750553676493794688816917752078978*(35457310653184421917851046785548893679189765355975042927142216177565314335883*u - 24108072922977651023387571897631204583698087260791101798460300295445236366112)*x + 1/11725947026682202531168478943714598121188870004429411950357510535342016631824*(-106858054530973451248342526079461202902875253569695067958074623619782003448073*u - 197428577528871000002046068236933844313961663621614709989612779248334346611794)   1/14956565085053829759143468040452293521924579087282413201986620580793388561*(-610843306134051986993172113412235250960497693633081073198279661904208152675*u - 610712879993149650211746129280553458921789817828918315718138072229743423626)*x + 1/1465743378335275316396059867964324765148608750553676493794688816917752078978*(32032871572484652727359953644544622735237984146327606062337008775045951926484*u + 22041073585639342234211705345644549535163523273130721130503504435410769697969)   1/977162252223516877597373245309549843432405833702450995863125877945168052652*(7299197368047732246908662092669523069080119263655744899346068876965024842065*u + 6894008273176646800775704609872755723696680223554582043694765573405743543179)   0),(1/325720750741172292532457748436516614477468611234150331954375292648389350884*(3172385060931426196839718629088776781451158714236889798249354133937854731119*u + 2799461012388476039673068138099877739394591306738024651014818375462950341530)*x^2 + 1/1465743378335275316396059867964324765148608750553676493794688816917752078978*(35457310653184421917851046785548893679189765355975042927142216177565314335883*u - 24108072922977651023387571897631204583698087260791101798460300295445236366112)*x + 1/11725947026682202531168478943714598121188870004429411950357510535342016631824*(-106858054530973451248342526079461202902875253569695067958074623619782003448073*u - 197428577528871000002046068236933844313961663621614709989612779248334346611794)   1/14956565085053829759143468040452293521924579087282413201986620580793388561*(-610843306134051986993172113412235250960497693633081073198279661904208152675*u - 610712879993149650211746129280553458921789817828918315718138072229743423626)*x + 1/1465743378335275316396059867964324765148608750553676493794688816917752078978*(32032871572484652727359953644544622735237984146327606062337008775045951926484*u + 22041073585639342234211705345644549535163523273130721130503504435410769697969)   1/977162252223516877597373245309549843432405833702450995863125877945168052652*(7299197368047732246908662092669523069080119263655744899346068876965024842065*u + 6894008273176646800775704609872755723696680223554582043694765573405743543179)   0).

 Computing Frobenius structure for correspondence 1.
Computing expansions of gamma_fil for embedding 1.
Computing expansions of gamma_fil for embedding 2.
 Using point [
u,
1
] to generate.
 Using point [
u,
1
] at correspondence 1 to fit the height pairing.
 New dimension = 1.
 Using point [
1,
-u - 1
] at correspondence 1 to fit the height pairing.
 New dimension = 2.
 Using point [
1/7*(5*u + 4),
-1
] at correspondence 1 to fit the height pairing.
 New dimension = 3.
 Using point [
2*u + 2,
u
] at correspondence 1 to fit the height pairing.
 New dimension = 4.
 Using point [
0,
-u
] at correspondence 1 to fit the height pairing.
 New dimension = 5.
 Using point [
0,
-u - 1
] at correspondence 1 to fit the height pairing.
 New dimension = 6.
 Using point [
u + 1,
0
] at correspondence 1 to fit the height pairing.
 New dimension = 7.
 Using point [
u + 1,
-u - 1
] at correspondence 1 to fit the height pairing.
 New dimension = 8.
 Using point [
1/2*(u - 3),
1/2*(u + 2)
] at correspondence 1 to fit the height pairing.
 New dimension = 9.
 Using point [
1/3*(-u - 2),
1/3*(u + 2)
] at correspondence 1 to fit the height pairing.
 New dimension = 10.
Computing expansions of local heights and of E1 and E2.
 Computing Hodge filtration for correspondence 2.
 eta =  (1/257022697212969232757109370117137277555919736224*(34959098115354249456602016002141164351066958789359*u + 29647772413504090975636522705655794046211233593431) 1/2698738320736176943949648386229941414337157230352*(-1116467912443386807648478373059597186877733732354257*u - 845979299567063186950248813645855396118060416156079) 1/5397476641472353887899296772459882828674314460704*(3343037848055967286380689256563496852908580717612053*u + 2799635880625432048559228177878393318652470227299743)),(1/19770976708689940981316105393625944427378441248*(34959098115354249456602016002141164351066958789359*u + 29647772413504090975636522705655794046211233593431) 1/207595255441244380303819106633072416487473633104*(-1116467912443386807648478373059597186877733732354257*u - 845979299567063186950248813645855396118060416156079) 1/415190510882488760607638213266144832974947266208*(3343037848055967286380689256563496852908580717612053*u + 2799635880625432048559228177878393318652470227299743)).
 beta_fil  =  (1/5403874829270209816321821809482309883576469*(-20906198558039631855104120335140124421812683536*u + 8187193483110968448329876823169855634054836640) 1/5403874829270209816321821809482309883576469*(5322740981203936517244581850824117221340452280*u + 262713618429023736214906041740321881177166000) 1/5403874829270209816321821809482309883576469*(-213355988213118658184249625746847625510719400*u - 546813112229258650350743407150372815789839280)),(1/5403874829270209816321821809482309883576469*(-20906198558039631855104120335140124421812683536*u + 8187193483110968448329876823169855634054836640) 1/5403874829270209816321821809482309883576469*(5322740981203936517244581850824117221340452280*u + 262713618429023736214906041740321881177166000) 1/5403874829270209816321821809482309883576469*(-213355988213118658184249625746847625510719400*u - 546813112229258650350743407150372815789839280)).
 gamma_fil =  (1/325720750741172292532457748436516614477468611234150331954375292648389350884*(-4690781605272991800358233642681940128505502788082888873186450088957217855359*u - 3805725501377308531555902585339733132044009123459675734260275703969820111157)*x^2 + 1/1465743378335275316396059867964324765148608750553676493794688816917752078978*(-37480418465392671542450675949418243636046627345173988577577047688944859502273*u + 45458250275126247529391696372240717405868656635945555014330678523838949466631)*x + 1/11725947026682202531168478943714598121188870004429411950357510535342016631824*(162817639863881264099297217857440970912593794800619324125112473902526029815247*u + 324839353664493174738631710618885104138169150280226675163953197426585269591377)   1/14956565085053829759143468040452293521924579087282413201986620580793388561*(898396430408434114042784049430315485929517327304972264355499296258776377752*u + 830265423502652047939333337718868604696081357863809857317034170382239435003)*x + 1/1465743378335275316396059867964324765148608750553676493794688816917752078978*(-47172796784067962300019157095984100397249084075385731622068813268587780046757*u - 11726903303172283491288915124182185362991844775392407446669609515993627405386)   1/977162252223516877597373245309549843432405833702450995863125877945168052652*(-13550668065646642946577046909118512600190542426117775358186712929889684782756*u - 12591362573499128920792671371173057611870393622572289525436671067724530488873)   0),(1/325720750741172292532457748436516614477468611234150331954375292648389350884*(-4690781605272991800358233642681940128505502788082888873186450088957217855359*u - 3805725501377308531555902585339733132044009123459675734260275703969820111157)*x^2 + 1/1465743378335275316396059867964324765148608750553676493794688816917752078978*(-37480418465392671542450675949418243636046627345173988577577047688944859502273*u + 45458250275126247529391696372240717405868656635945555014330678523838949466631)*x + 1/11725947026682202531168478943714598121188870004429411950357510535342016631824*(162817639863881264099297217857440970912593794800619324125112473902526029815247*u + 324839353664493174738631710618885104138169150280226675163953197426585269591377)   1/14956565085053829759143468040452293521924579087282413201986620580793388561*(898396430408434114042784049430315485929517327304972264355499296258776377752*u + 830265423502652047939333337718868604696081357863809857317034170382239435003)*x + 1/1465743378335275316396059867964324765148608750553676493794688816917752078978*(-47172796784067962300019157095984100397249084075385731622068813268587780046757*u - 11726903303172283491288915124182185362991844775392407446669609515993627405386)   1/977162252223516877597373245309549843432405833702450995863125877945168052652*(-13550668065646642946577046909118512600190542426117775358186712929889684782756*u - 12591362573499128920792671371173057611870393622572289525436671067724530488873)   0).

 Computing Frobenius structure for correspondence 2.
Computing expansions of gamma_fil for embedding 1.
Computing expansions of gamma_fil for embedding 2.
 Using point [
u,
1
] to generate.
 Not using point [
u,
1
] at correspondence 2 to fit the height pairing because of dependence.
 Using point [
1,
-u - 1
] at correspondence 2 to fit the height pairing.
 New dimension = 11.
 Using point [
1/7*(5*u + 4),
-1
] at correspondence 2 to fit the height pairing.
 New dimension = 12.
 Not using point [
2*u + 2,
u
] at correspondence 2 to fit the height pairing.
 New dimension = 12.
 Not using point [
0,
-u
] at correspondence 2 to fit the height pairing.
 New dimension = 12.
 Not using point [
0,
-u - 1
] at correspondence 2 to fit the height pairing.
 New dimension = 12.
 Not using point [
u + 1,
0
] at correspondence 2 to fit the height pairing.
 New dimension = 12.
 Not using point [
u + 1,
-u - 1
] at correspondence 2 to fit the height pairing.
 New dimension = 12.
 Not using point [
1/2*(u - 3),
1/2*(u + 2)
] at correspondence 2 to fit the height pairing.
 New dimension = 12.
 Not using point [
1/3*(-u - 2),
1/3*(u + 2)
] at correspondence 2 to fit the height pairing.
 New dimension = 12.
Computing expansions of local heights and of E1 and E2.

 checking height_coeffs

 difference for j= 1 and the first height is O(13^7)
 difference for j= 1 and the second height is O(13^7)
 difference for j= 2 and the first height is O(13^7)
 difference for j= 2 and the second height is O(13^7)
 difference for j= 3 and the first height is O(13^7)
 difference for j= 3 and the second height is O(13^7)
 difference for j= 4 and the first height is O(13^7)
 difference for j= 4 and the second height is O(13^7)
 difference for j= 5 and the first height is O(13^7)
 difference for j= 5 and the second height is O(13^7)
 difference for j= 6 and the first height is O(13^7)
 difference for j= 6 and the second height is O(13^7)
 difference for j= 7 and the first height is O(13^7)
 difference for j= 7 and the second height is O(13^7)
 difference for j= 8 and the first height is O(13^7)
 difference for j= 8 and the second height is O(13^7)
 difference for j= 9 and the first height is O(13^7)
 difference for j= 9 and the second height is O(13^7)
 difference for j= 10 and the first height is O(13^7)
 difference for j= 10 and the second height is O(13^7)
 difference for j= 11 and the first height is O(13^7)
 difference for j= 11 and the second height is O(13^7)
 difference for j= 12 and the first height is O(13^7)
 difference for j= 12 and the second height is O(13^7)
 difference for j= 13 and the first height is O(13^7)
 difference for j= 13 and the second height is O(13^7)
 difference for j= 14 and the first height is O(13^7)
 difference for j= 14 and the second height is O(13^7)
 difference for j= 15 and the first height is O(13^7)
 difference for j= 15 and the second height is O(13^7)
 difference for j= 16 and the first height is O(13^7)
 difference for j= 16 and the second height is O(13^7)
 difference for j= 17 and the first height is O(13^7)
 difference for j= 17 and the second height is O(13^7)
 difference for j= 18 and the first height is O(13^7)
 difference for j= 18 and the second height is O(13^7)
 difference for j= 19 and the first height is O(13^7)
 difference for j= 19 and the second height is O(13^7)
Nhtcoeffs 7
Computing expansions of quadratic Chabauty functions..
 The quadratic Chabauty function for correspondence 1 is correct to precision 13^7.
i,m 3 3
Time: 2.270
i,m 3 4
Time: 24.340
i,m 3 5
Time: 10.420
i,m 3 6
Time: 15.330
i,m 3 7
Time: 2.490
i,m 3 8
Time: 2.440
i,m 3 9
Time: 2.440
i,m 3 10

[Interrupted]
